
R version 4.2.2 (2022-10-31 ucrt) -- "Innocent and Trusting"
Copyright (C) 2022 The R Foundation for Statistical Computing
Platform: x86_64-w64-mingw32/x64 (64-bit)

R ist freie Software und kommt OHNE JEGLICHE GARANTIE.
Sie sind eingeladen, es unter bestimmten Bedingungen weiter zu verbreiten.
Tippen Sie 'license()' or 'licence()' für Details dazu.

R ist ein Gemeinschaftsprojekt mit vielen Beitragenden.
Tippen Sie 'contributors()' für mehr Information und 'citation()',
um zu erfahren, wie R oder R packages in Publikationen zitiert werden können.

Tippen Sie 'demo()' für einige Demos, 'help()' für on-line Hilfe, oder
'help.start()' für eine HTML Browserschnittstelle zur Hilfe.
Tippen Sie 'q()', um R zu verlassen.

[Vorher gesicherter Workspace wiederhergestellt]

> ## Set the user
> 
> user <- "lalander"
> 
> ## Gets javascript web token
> jwt <- token(user)
Fehler in loadNamespace(x) : es gibt kein Paket namens 'httr'
Ruft auf: token ... loadNamespace -> withRestarts -> withOneRestart -> doWithOneRestart
Ausführung angehalten
